{"name": "check backspace", "status": "failed", "statusDetails": {"message": "AssertionError: actual is: 78, but expected is: 77", "trace": "self = <test_cases.test_cal.Test_calculator object at 0x00000249F0AD3790>\n\n    @allure.title('check backspace')\n    @allure.description('check backspace')\n    def test_backspace(self):\n        DesktopFlows.write(self, '789')\n        DesktopFlows.backspace(self)\n        time.sleep(3)\n>       Verifications.verify_equals(DesktopFlows.get_result(self), '77')\n\ntest_cal.py:27: \n_ _ _ _ _ _ _ _ _ _ _ _ _ _ _ _ _ _ _ _ _ _ _ _ _ _ _ _ _ _ _ _ _ _ _ _ _ _ _ _ _ _ _ _ _ _ _ _ _ _ _ _ _ _ _ _ _ _ _ _ _ _ _ _ _ _ _ _ _ _ _ _ _ _ _ _ _ _ _ _ _ _ _\n\nactual = '78', expected = '77'\n\n    @staticmethod\n    @allure.step('verify equals')\n    def verify_equals(actual, expected):\n>       assert str(actual) == expected, 'actual is: '+str(actual)+', but expected is: '+str(expected)\nE       AssertionError: actual is: 78, but expected is: 77\n\n..\\extentions\\verifications.py:9: AssertionError"}, "description": "check backspace", "steps": [{"name": "click", "status": "passed", "parameters": [{"name": "elem", "value": "<selenium.webdriver.remote.webelement.WebElement (session=\"CE5F2FE5-3DAD-4DE7-B776-DD9316C7493F\", element=\"42.592610.4.105\")>"}], "start": 1651163501248, "stop": 1651163501508}, {"name": "click", "status": "passed", "parameters": [{"name": "elem", "value": "<selenium.webdriver.remote.webelement.WebElement (session=\"CE5F2FE5-3DAD-4DE7-B776-DD9316C7493F\", element=\"42.592610.4.107\")>"}], "start": 1651163501614, "stop": 1651163501876}, {"name": "click", "status": "passed", "parameters": [{"name": "elem", "value": "<selenium.webdriver.remote.webelement.WebElement (session=\"CE5F2FE5-3DAD-4DE7-B776-DD9316C7493F\", element=\"42.592610.4.113\")>"}], "start": 1651163501980, "stop": 1651163502242}, {"name": "backspace", "status": "passed", "steps": [{"name": "click", "status": "passed", "parameters": [{"name": "elem", "value": "<selenium.webdriver.remote.webelement.WebElement (session=\"CE5F2FE5-3DAD-4DE7-B776-DD9316C7493F\", element=\"42.592610.4.68\")>"}], "start": 1651163502326, "stop": 1651163502584}], "start": 1651163502243, "stop": 1651163502584}, {"name": "get result", "status": "passed", "start": 1651163505599, "stop": 1651163505972}, {"name": "verify equals", "status": "failed", "statusDetails": {"message": "AssertionError: actual is: 78, but expected is: 77\n", "trace": "  File \"c:\\desktopproject\\venv\\lib\\site-packages\\allure_commons\\_allure.py\", line 172, in impl\n    return func(*a, **kw)\n  File \"C:\\desktopProject\\extentions\\verifications.py\", line 9, in verify_equals\n    assert str(actual) == expected, 'actual is: '+str(actual)+', but expected is: '+str(expected)\n"}, "parameters": [{"name": "actual", "value": "'78'"}, {"name": "expected", "value": "'77'"}], "start": 1651163505972, "stop": 1651163505972}], "attachments": [{"source": "640d4c3f-bf67-4a48-82b0-84c5235642f0-attachment.png", "type": "image/png"}], "start": 1651163501149, "stop": 1651163505983, "uuid": "26a9c17f-e337-4174-b718-043eb5dc1fde", "historyId": "baf451ae046cb1ef0612fb6863c9be1e", "testCaseId": "cd33c46258c60beed1f0ff2a98bc89f3", "fullName": "test_cal.Test_calculator#test_backspace", "labels": [{"name": "tag", "value": "@pytest.mark.usefixtures('init_desktop_driver')"}, {"name": "suite", "value": "test_cal"}, {"name": "subSuite", "value": "Test_calculator"}, {"name": "host", "value": "CND0395V7P"}, {"name": "thread", "value": "21780-MainThread"}, {"name": "framework", "value": "pytest"}, {"name": "language", "value": "cpython3"}, {"name": "package", "value": "test_cal"}]}